<?xml version="1.0" encoding="UTF-8"?>
<testrun name="SampledemoTest (2)" project="Flyte Ebook Testing" tests="5" started="5" failures="2" errors="0" ignored="0">
  <testsuite name="samsung-gt_s5830i-0123456789ABCDEF" time="181.427">
    <testsuite name="com.flytebook.SampledemoTest" time="181.427">
      <testcase name="test1_Login " classname="com.flytebook.SampledemoTest" time="29.895"/>
      <testcase name="test2_Downloadbooks " classname="com.flytebook.SampledemoTest" time="9.125"/>
      <testcase name="test3_Readingbook " classname="com.flytebook.SampledemoTest" time="67.143"/>
      <testcase name="test4_Addnote " classname="com.flytebook.SampledemoTest" time="32.762">
        <failure>junit.framework.AssertionFailedError: 3 ImageViews are not found!&#13;
at com.jayway.android.robotium.solo.Waiter.waitForAndGetView(Waiter.java:489)&#13;
at com.jayway.android.robotium.solo.Clicker.clickOn(Clicker.java:375)&#13;
at com.jayway.android.robotium.solo.Solo.clickOnImage(Solo.java:1630)&#13;
at com.flytebook.SampledemoTest.test4_Addnote(SampledemoTest.java:217)&#13;
at java.lang.reflect.Method.invokeNative(Native Method)&#13;
at android.test.InstrumentationTestCase.runMethod(InstrumentationTestCase.java:204)&#13;
at android.test.InstrumentationTestCase.runTest(InstrumentationTestCase.java:194)&#13;
at android.test.ActivityInstrumentationTestCase2.runTest(ActivityInstrumentationTestCase2.java:186)&#13;
at android.test.AndroidTestRunner.runTest(AndroidTestRunner.java:169)&#13;
at android.test.AndroidTestRunner.runTest(AndroidTestRunner.java:154)&#13;
at android.test.InstrumentationTestRunner.onStart(InstrumentationTestRunner.java:529)&#13;
at android.app.Instrumentation$InstrumentationThread.run(Instrumentation.java:1448)&#13;

</failure>
      </testcase>
      <testcase name="test5_Deletenote " classname="com.flytebook.SampledemoTest" time="42.501">
        <failure>junit.framework.AssertionFailedError: Text string: 'Delete' is not found!&#13;
at com.jayway.android.robotium.solo.Clicker.clickOnText(Clicker.java:339)&#13;
at com.jayway.android.robotium.solo.Solo.clickOnText(Solo.java:933)&#13;
at com.flytebook.SampledemoTest.test5_Deletenote(SampledemoTest.java:246)&#13;
at java.lang.reflect.Method.invokeNative(Native Method)&#13;
at android.test.InstrumentationTestCase.runMethod(InstrumentationTestCase.java:204)&#13;
at android.test.InstrumentationTestCase.runTest(InstrumentationTestCase.java:194)&#13;
at android.test.ActivityInstrumentationTestCase2.runTest(ActivityInstrumentationTestCase2.java:186)&#13;
at android.test.AndroidTestRunner.runTest(AndroidTestRunner.java:169)&#13;
at android.test.AndroidTestRunner.runTest(AndroidTestRunner.java:154)&#13;
at android.test.InstrumentationTestRunner.onStart(InstrumentationTestRunner.java:529)&#13;
at android.app.Instrumentation$InstrumentationThread.run(Instrumentation.java:1448)&#13;

</failure>
      </testcase>
    </testsuite>
  </testsuite>
</testrun>
