<?xml version="1.0" encoding="UTF-8"?>
<testrun name="SampledemoTest (2)" project="Flyte Ebook Testing" tests="6" started="6" failures="4" errors="0" ignored="0">
  <testsuite name="samsung-gt_s5830i-0123456789ABCDEF" time="243.958">
    <testsuite name="com.flytebook.SampledemoTest" time="243.958">
      <testcase name="test1_Cases " classname="com.flytebook.SampledemoTest" time="89.647"/>
      <testcase name="test2_login " classname="com.flytebook.SampledemoTest" time="27.87">
        <failure>junit.framework.AssertionFailedError&#13;
at com.flytebook.SampledemoTest.test2_login(SampledemoTest.java:100)&#13;
at java.lang.reflect.Method.invokeNative(Native Method)&#13;
at android.test.InstrumentationTestCase.runMethod(InstrumentationTestCase.java:204)&#13;
at android.test.InstrumentationTestCase.runTest(InstrumentationTestCase.java:194)&#13;
at android.test.ActivityInstrumentationTestCase2.runTest(ActivityInstrumentationTestCase2.java:186)&#13;
at android.test.AndroidTestRunner.runTest(AndroidTestRunner.java:169)&#13;
at android.test.AndroidTestRunner.runTest(AndroidTestRunner.java:154)&#13;
at android.test.InstrumentationTestRunner.onStart(InstrumentationTestRunner.java:529)&#13;
at android.app.Instrumentation$InstrumentationThread.run(Instrumentation.java:1448)&#13;

</failure>
      </testcase>
      <testcase name="test3_Downloadbooks " classname="com.flytebook.SampledemoTest" time="28.173">
        <failure>junit.framework.AssertionFailedError&#13;
at com.flytebook.SampledemoTest.test3_Downloadbooks(SampledemoTest.java:126)&#13;
at java.lang.reflect.Method.invokeNative(Native Method)&#13;
at android.test.InstrumentationTestCase.runMethod(InstrumentationTestCase.java:204)&#13;
at android.test.InstrumentationTestCase.runTest(InstrumentationTestCase.java:194)&#13;
at android.test.ActivityInstrumentationTestCase2.runTest(ActivityInstrumentationTestCase2.java:186)&#13;
at android.test.AndroidTestRunner.runTest(AndroidTestRunner.java:169)&#13;
at android.test.AndroidTestRunner.runTest(AndroidTestRunner.java:154)&#13;
at android.test.InstrumentationTestRunner.onStart(InstrumentationTestRunner.java:529)&#13;
at android.app.Instrumentation$InstrumentationThread.run(Instrumentation.java:1448)&#13;

</failure>
      </testcase>
      <testcase name="test4_Readingbook " classname="com.flytebook.SampledemoTest" time="55.209"/>
      <testcase name="test5_Addnote " classname="com.flytebook.SampledemoTest" time="18.563">
        <failure>junit.framework.AssertionFailedError: EditText is not found!&#13;
at com.jayway.android.robotium.solo.Waiter.waitForAndGetView(Waiter.java:492)&#13;
at com.jayway.android.robotium.solo.Solo.typeText(Solo.java:1528)&#13;
at com.flytebook.SampledemoTest.test5_Addnote(SampledemoTest.java:202)&#13;
at java.lang.reflect.Method.invokeNative(Native Method)&#13;
at android.test.InstrumentationTestCase.runMethod(InstrumentationTestCase.java:204)&#13;
at android.test.InstrumentationTestCase.runTest(InstrumentationTestCase.java:194)&#13;
at android.test.ActivityInstrumentationTestCase2.runTest(ActivityInstrumentationTestCase2.java:186)&#13;
at android.test.AndroidTestRunner.runTest(AndroidTestRunner.java:169)&#13;
at android.test.AndroidTestRunner.runTest(AndroidTestRunner.java:154)&#13;
at android.test.InstrumentationTestRunner.onStart(InstrumentationTestRunner.java:529)&#13;
at android.app.Instrumentation$InstrumentationThread.run(Instrumentation.java:1448)&#13;

</failure>
      </testcase>
      <testcase name="test6_Deletenote " classname="com.flytebook.SampledemoTest" time="24.496">
        <failure>junit.framework.AssertionFailedError: Text string: 'Notes' is not found!&#13;
at com.jayway.android.robotium.solo.Clicker.clickOnText(Clicker.java:339)&#13;
at com.jayway.android.robotium.solo.Solo.clickOnText(Solo.java:933)&#13;
at com.flytebook.SampledemoTest.test6_Deletenote(SampledemoTest.java:216)&#13;
at java.lang.reflect.Method.invokeNative(Native Method)&#13;
at android.test.InstrumentationTestCase.runMethod(InstrumentationTestCase.java:204)&#13;
at android.test.InstrumentationTestCase.runTest(InstrumentationTestCase.java:194)&#13;
at android.test.ActivityInstrumentationTestCase2.runTest(ActivityInstrumentationTestCase2.java:186)&#13;
at android.test.AndroidTestRunner.runTest(AndroidTestRunner.java:169)&#13;
at android.test.AndroidTestRunner.runTest(AndroidTestRunner.java:154)&#13;
at android.test.InstrumentationTestRunner.onStart(InstrumentationTestRunner.java:529)&#13;
at android.app.Instrumentation$InstrumentationThread.run(Instrumentation.java:1448)&#13;

</failure>
      </testcase>
    </testsuite>
  </testsuite>
</testrun>
