<?xml version="1.0" encoding="UTF-8"?>
<testrun name="SampledemoTest (2)" project="Flyte Ebook Testing" tests="8" started="8" failures="3" errors="1" ignored="0">
  <testsuite name="samsung-gt_n7000-0019718511c33f" time="318.298">
    <testsuite name="com.flytebook.SampledemoTest" time="318.298">
      <testcase name="test1_DnowloadSampleBook " classname="com.flytebook.SampledemoTest" time="87.706"/>
      <testcase name="test2_ReadSampleBook " classname="com.flytebook.SampledemoTest" time="83.555"/>
      <testcase name="test3_AddNote " classname="com.flytebook.SampledemoTest" time="94.232">
        <failure>junit.framework.AssertionFailedError: EditText is not found!&#13;
at com.jayway.android.robotium.solo.Waiter.waitForAndGetView(Waiter.java:492)&#13;
at com.jayway.android.robotium.solo.Solo.typeText(Solo.java:1528)&#13;
at com.flytebook.SampledemoTest.AddNote(SampledemoTest.java:279)&#13;
at com.flytebook.SampledemoTest.test3_AddNote(SampledemoTest.java:106)&#13;
at java.lang.reflect.Method.invokeNative(Native Method)&#13;
at android.test.InstrumentationTestCase.runMethod(InstrumentationTestCase.java:214)&#13;
at android.test.InstrumentationTestCase.runTest(InstrumentationTestCase.java:199)&#13;
at android.test.ActivityInstrumentationTestCase2.runTest(ActivityInstrumentationTestCase2.java:192)&#13;
at android.test.AndroidTestRunner.runTest(AndroidTestRunner.java:192)&#13;
at android.test.AndroidTestRunner.runTest(AndroidTestRunner.java:177)&#13;
at android.test.InstrumentationTestRunner.onStart(InstrumentationTestRunner.java:555)&#13;
at android.app.Instrumentation$InstrumentationThread.run(Instrumentation.java:1619)&#13;

</failure>
      </testcase>
      <testcase name="test4_DeleteNote " classname="com.flytebook.SampledemoTest" time="52.805">
        <failure>junit.framework.AssertionFailedError: 2 ImageButtons are not found!&#13;
at com.jayway.android.robotium.solo.Waiter.waitForAndGetView(Waiter.java:489)&#13;
at com.jayway.android.robotium.solo.Clicker.clickOn(Clicker.java:375)&#13;
at com.jayway.android.robotium.solo.Solo.clickOnImageButton(Solo.java:740)&#13;
at com.flytebook.SampledemoTest.DeleteNote(SampledemoTest.java:296)&#13;
at com.flytebook.SampledemoTest.test4_DeleteNote(SampledemoTest.java:116)&#13;
at java.lang.reflect.Method.invokeNative(Native Method)&#13;
at android.test.InstrumentationTestCase.runMethod(InstrumentationTestCase.java:214)&#13;
at android.test.InstrumentationTestCase.runTest(InstrumentationTestCase.java:199)&#13;
at android.test.ActivityInstrumentationTestCase2.runTest(ActivityInstrumentationTestCase2.java:192)&#13;
at android.test.AndroidTestRunner.runTest(AndroidTestRunner.java:192)&#13;
at android.test.AndroidTestRunner.runTest(AndroidTestRunner.java:177)&#13;
at android.test.InstrumentationTestRunner.onStart(InstrumentationTestRunner.java:555)&#13;
at android.app.Instrumentation$InstrumentationThread.run(Instrumentation.java:1619)&#13;

</failure>
      </testcase>
    </testsuite>
  </testsuite>
  
  <testsuite name="samsung-gt_s5830i-0123456789ABCDEF" time="301.001">
    <testsuite name="com.flytebook.SampledemoTest" time="301.001">
      <testcase name="test1_DnowloadSampleBook " classname="com.flytebook.SampledemoTest" time="75.89"/>
      <testcase name="test2_ReadSampleBook " classname="com.flytebook.SampledemoTest" time="85.813"/>
      <testcase name="test3_AddNote " classname="com.flytebook.SampledemoTest" time="106.998">
        <failure>junit.framework.AssertionFailedError: EditText is not found!&#13;
at com.jayway.android.robotium.solo.Waiter.waitForAndGetView(Waiter.java:492)&#13;
at com.jayway.android.robotium.solo.Solo.typeText(Solo.java:1528)&#13;
at com.flytebook.SampledemoTest.AddNote(SampledemoTest.java:279)&#13;
at com.flytebook.SampledemoTest.test3_AddNote(SampledemoTest.java:106)&#13;
at java.lang.reflect.Method.invokeNative(Native Method)&#13;
at android.test.InstrumentationTestCase.runMethod(InstrumentationTestCase.java:204)&#13;
at android.test.InstrumentationTestCase.runTest(InstrumentationTestCase.java:194)&#13;
at android.test.ActivityInstrumentationTestCase2.runTest(ActivityInstrumentationTestCase2.java:186)&#13;
at android.test.AndroidTestRunner.runTest(AndroidTestRunner.java:169)&#13;
at android.test.AndroidTestRunner.runTest(AndroidTestRunner.java:154)&#13;
at android.test.InstrumentationTestRunner.onStart(InstrumentationTestRunner.java:529)&#13;
at android.app.Instrumentation$InstrumentationThread.run(Instrumentation.java:1448)&#13;

</failure>
      </testcase>
      <testcase name="test4_DeleteNote " classname="com.flytebook.SampledemoTest" time="32.3">
        <error>Test failed to run to completion. Reason: 'Instrumentation run failed due to 'java.lang.IllegalArgumentException''. Check device logcat for details
</error>
      </testcase>
    </testsuite>
  </testsuite>
</testrun>
