<?xml version="1.0" encoding="UTF-8"?>
<testrun name="SampledemoTest (2)" project="Flyte Ebook Testing" tests="7" started="7" failures="5" errors="0" ignored="0">
  <testsuite name="samsung-gt_s5830i-0123456789ABCDEF" time="150.219">
    <testsuite name="com.flytebook.SampledemoTest" time="150.219">
      <testcase name="testAddnote " classname="com.flytebook.SampledemoTest" time="16.039">
        <failure>junit.framework.AssertionFailedError: EditText is not found!&#13;
at com.jayway.android.robotium.solo.Waiter.waitForAndGetView(Waiter.java:492)&#13;
at com.jayway.android.robotium.solo.Solo.typeText(Solo.java:1528)&#13;
at com.flytebook.SampledemoTest.testAddnote(SampledemoTest.java:202)&#13;
at java.lang.reflect.Method.invokeNative(Native Method)&#13;
at android.test.InstrumentationTestCase.runMethod(InstrumentationTestCase.java:204)&#13;
at android.test.InstrumentationTestCase.runTest(InstrumentationTestCase.java:194)&#13;
at android.test.ActivityInstrumentationTestCase2.runTest(ActivityInstrumentationTestCase2.java:186)&#13;
at android.test.AndroidTestRunner.runTest(AndroidTestRunner.java:169)&#13;
at android.test.AndroidTestRunner.runTest(AndroidTestRunner.java:154)&#13;
at android.test.InstrumentationTestRunner.onStart(InstrumentationTestRunner.java:529)&#13;
at android.app.Instrumentation$InstrumentationThread.run(Instrumentation.java:1448)&#13;

</failure>
      </testcase>
      <testcase name="testCases " classname="com.flytebook.SampledemoTest" time="13.985"/>
      <testcase name="testDeletenote " classname="com.flytebook.SampledemoTest" time="17.457">
        <failure>junit.framework.AssertionFailedError: Text string: 'Notes' is not found!&#13;
at com.jayway.android.robotium.solo.Clicker.clickOnText(Clicker.java:339)&#13;
at com.jayway.android.robotium.solo.Solo.clickOnText(Solo.java:933)&#13;
at com.flytebook.SampledemoTest.testDeletenote(SampledemoTest.java:216)&#13;
at java.lang.reflect.Method.invokeNative(Native Method)&#13;
at android.test.InstrumentationTestCase.runMethod(InstrumentationTestCase.java:204)&#13;
at android.test.InstrumentationTestCase.runTest(InstrumentationTestCase.java:194)&#13;
at android.test.ActivityInstrumentationTestCase2.runTest(ActivityInstrumentationTestCase2.java:186)&#13;
at android.test.AndroidTestRunner.runTest(AndroidTestRunner.java:169)&#13;
at android.test.AndroidTestRunner.runTest(AndroidTestRunner.java:154)&#13;
at android.test.InstrumentationTestRunner.onStart(InstrumentationTestRunner.java:529)&#13;
at android.app.Instrumentation$InstrumentationThread.run(Instrumentation.java:1448)&#13;

</failure>
      </testcase>
      <testcase name="testDownloadbooks " classname="com.flytebook.SampledemoTest" time="28.255">
        <failure>junit.framework.AssertionFailedError&#13;
at com.flytebook.SampledemoTest.testDownloadbooks(SampledemoTest.java:125)&#13;
at java.lang.reflect.Method.invokeNative(Native Method)&#13;
at android.test.InstrumentationTestCase.runMethod(InstrumentationTestCase.java:204)&#13;
at android.test.InstrumentationTestCase.runTest(InstrumentationTestCase.java:194)&#13;
at android.test.ActivityInstrumentationTestCase2.runTest(ActivityInstrumentationTestCase2.java:186)&#13;
at android.test.AndroidTestRunner.runTest(AndroidTestRunner.java:169)&#13;
at android.test.AndroidTestRunner.runTest(AndroidTestRunner.java:154)&#13;
at android.test.InstrumentationTestRunner.onStart(InstrumentationTestRunner.java:529)&#13;
at android.app.Instrumentation$InstrumentationThread.run(Instrumentation.java:1448)&#13;

</failure>
      </testcase>
      <testcase name="testLogin " classname="com.flytebook.SampledemoTest" time="27.945">
        <failure>junit.framework.AssertionFailedError&#13;
at com.flytebook.SampledemoTest.testLogin(SampledemoTest.java:99)&#13;
at java.lang.reflect.Method.invokeNative(Native Method)&#13;
at android.test.InstrumentationTestCase.runMethod(InstrumentationTestCase.java:204)&#13;
at android.test.InstrumentationTestCase.runTest(InstrumentationTestCase.java:194)&#13;
at android.test.ActivityInstrumentationTestCase2.runTest(ActivityInstrumentationTestCase2.java:186)&#13;
at android.test.AndroidTestRunner.runTest(AndroidTestRunner.java:169)&#13;
at android.test.AndroidTestRunner.runTest(AndroidTestRunner.java:154)&#13;
at android.test.InstrumentationTestRunner.onStart(InstrumentationTestRunner.java:529)&#13;
at android.app.Instrumentation$InstrumentationThread.run(Instrumentation.java:1448)&#13;

</failure>
      </testcase>
      <testcase name="testLogout " classname="com.flytebook.SampledemoTest" time="12.55">
        <failure>junit.framework.AssertionFailedError: Can not press the menu!&#13;
at com.jayway.android.robotium.solo.Presser.pressMenuItem(Presser.java:75)&#13;
at com.jayway.android.robotium.solo.Presser.pressMenuItem(Presser.java:51)&#13;
at com.jayway.android.robotium.solo.Solo.pressMenuItem(Solo.java:839)&#13;
at com.flytebook.SampledemoTest.testLogout(SampledemoTest.java:236)&#13;
at java.lang.reflect.Method.invokeNative(Native Method)&#13;
at android.test.InstrumentationTestCase.runMethod(InstrumentationTestCase.java:204)&#13;
at android.test.InstrumentationTestCase.runTest(InstrumentationTestCase.java:194)&#13;
at android.test.ActivityInstrumentationTestCase2.runTest(ActivityInstrumentationTestCase2.java:186)&#13;
at android.test.AndroidTestRunner.runTest(AndroidTestRunner.java:169)&#13;
at android.test.AndroidTestRunner.runTest(AndroidTestRunner.java:154)&#13;
at android.test.InstrumentationTestRunner.onStart(InstrumentationTestRunner.java:529)&#13;
at android.app.Instrumentation$InstrumentationThread.run(Instrumentation.java:1448)&#13;

</failure>
      </testcase>
      <testcase name="testReadingbook " classname="com.flytebook.SampledemoTest" time="33.988"/>
    </testsuite>
  </testsuite>
</testrun>
